Arguments: 
  C:\Program Files\nodejs\node.exe C:\Program Files (x86)\Yarn\bin\yarn.js add --dev @types/md5yarn add --dev @types/md5

PATH: 
  C:\Users\13889\bin;D:\software\cmder\cmder\bin;D:\software\cmder\cmder\vendor\bin;D:\software\cmder\cmder\vendor\git-for-windows\bin;D:\software\cmder\cmder\vendor\git-for-windows\mingw64\bin;D:\software\cmder\cmder\vendor\git-for-windows\usr\local\bin;D:\software\cmder\cmder\vendor\git-for-windows\usr\bin;D:\software\cmder\cmder\vendor\git-for-windows\usr\bin;D:\software\cmder\cmder\vendor\git-for-windows\mingw64\bin;D:\software\cmder\cmder\vendor\git-for-windows\usr\bin;C:\Users\13889\bin;D:\software\cmder\cmder\vendor\conemu-maximus5\ConEmu\Scripts;D:\software\cmder\cmder\vendor\conemu-maximus5;D:\software\cmder\cmder\vendor\conemu-maximus5\ConEmu;C:\Windows\system32;C:\Windows;C:\Windows\System32\Wbem;C:\Windows\System32\WindowsPowerShell\v1.0;C:\Windows\System32\OpenSSH;C:\Program Files (x86)\Yarn\bin;C:\Users\13889\AppData\Roaming\nvm;C:\Program Files\nodejs;C:\Users\13889\AppData\Local\Microsoft\WindowsApps;C:\Users\13889\AppData\Roaming\npm;C:\Users\13889\AppData\Local\Yarn\bin;D:\software\Microsoft VS Code\bin;C:\Users\13889\AppData\Roaming\nvm;C:\Program Files\nodejs;D:\software\WebStorm 2020.2.3\bin;D:\software\cmder\cmder;D:\software\cmder\cmder\vendor\git-for-windows\usr\bin\vendor_perl;D:\software\cmder\cmder\vendor\git-for-windows\usr\bin\core_perl

Yarn version: 
  1.22.5

Node version: 
  10.21.0

Platform: 
  win32 x64

Trace: 
  Error: https://registry.npm.taobao.org/@types%2fmd5yarn: Not found
      at Request.params.callback [as _callback] (C:\Program Files (x86)\Yarn\lib\cli.js:66097:18)
      at Request.self.callback (C:\Program Files (x86)\Yarn\lib\cli.js:140749:22)
      at Request.emit (events.js:198:13)
      at Request.<anonymous> (C:\Program Files (x86)\Yarn\lib\cli.js:141721:10)
      at Request.emit (events.js:198:13)
      at IncomingMessage.<anonymous> (C:\Program Files (x86)\Yarn\lib\cli.js:141643:12)
      at Object.onceWrapper (events.js:286:20)
      at IncomingMessage.emit (events.js:203:15)
      at endReadableNT (_stream_readable.js:1145:12)
      at process._tickCallback (internal/process/next_tick.js:63:19)

npm manifest: 
  {
    "name": "fanyi-cli",
    "version": "0.0.1",
    "description": "",
    "main": "index.js",
    "scripts": {
      "test": "echo \"Error: no test specified\" && exit 1",
      "start": "ts-node-dev src/cli.ts"
    },
    "keywords": [],
    "author": "",
    "license": "ISC",
    "dependencies": {
      "commander": "^6.2.0",
      "md5": "^2.3.0"
    },
    "devDependencies": {
      "@types/node": "^14.14.11"
    }
  }

yarn manifest: 
  No manifest

Lockfile: 
  # THIS IS AN AUTOGENERATED FILE. DO NOT EDIT THIS FILE DIRECTLY.
  # yarn lockfile v1
  
  
  "@types/node@^14.14.11":
    version "14.14.11"
    resolved "https://registry.npm.taobao.org/@types/node/download/@types/node-14.14.11.tgz?cache=0&other_urls=https%3A%2F%2Fregistry.npm.taobao.org%2F%40types%2Fnode%2Fdownload%2F%40types%2Fnode-14.14.11.tgz#fc25a4248a5e8d0837019b1d170146d07334abe0"
    integrity sha1-/CWkJIpejQg3AZsdFwFG0HM0q+A=
  
  charenc@0.0.2:
    version "0.0.2"
    resolved "https://registry.npm.taobao.org/charenc/download/charenc-0.0.2.tgz#c0a1d2f3a7092e03774bfa83f14c0fc5790a8667"
    integrity sha1-wKHS86cJLgN3S/qD8UwPxXkKhmc=
  
  commander@^6.2.0:
    version "6.2.0"
    resolved "https://registry.npm.taobao.org/commander/download/commander-6.2.0.tgz#b990bfb8ac030aedc6d11bc04d1488ffef56db75"
    integrity sha1-uZC/uKwDCu3G0RvATRSI/+9W23U=
  
  crypt@0.0.2:
    version "0.0.2"
    resolved "https://registry.npm.taobao.org/crypt/download/crypt-0.0.2.tgz#88d7ff7ec0dfb86f713dc87bbb42d044d3e6c41b"
    integrity sha1-iNf/fsDfuG9xPch7u0LQRNPmxBs=
  
  is-buffer@~1.1.6:
    version "1.1.6"
    resolved "https://registry.npm.taobao.org/is-buffer/download/is-buffer-1.1.6.tgz?cache=0&sync_timestamp=1604432086825&other_urls=https%3A%2F%2Fregistry.npm.taobao.org%2Fis-buffer%2Fdownload%2Fis-buffer-1.1.6.tgz#efaa2ea9daa0d7ab2ea13a97b2b8ad51fefbe8be"
    integrity sha1-76ouqdqg16suoTqXsritUf776L4=
  
  md5@^2.3.0:
    version "2.3.0"
    resolved "https://registry.npm.taobao.org/md5/download/md5-2.3.0.tgz#c3da9a6aae3a30b46b7b0c349b87b110dc3bda4f"
    integrity sha1-w9qaaq46MLRreww0m4exENw72k8=
    dependencies:
      charenc "0.0.2"
      crypt "0.0.2"
      is-buffer "~1.1.6"
